<?xml version="1.0" encoding="UTF-8"?>
<testng-results skipped="0" failed="0" ignored="0" total="3" passed="3">
  <reporter-output>
  </reporter-output>
  <suite name="Default suite" duration-ms="63679" started-at="2019-08-30T09:09:29Z" finished-at="2019-08-30T09:10:32Z">
    <groups>
      <group name="cucumber">
        <method signature="AbstractTestNGCucumberTests.runScenario(io.cucumber.testng.PickleEventWrapper, io.cucumber.testng.CucumberFeatureWrapper)[pri:0, instance:runners.TestRunner@29ca901e]" name="runScenario" class="io.cucumber.testng.AbstractTestNGCucumberTests"/>
      </group> <!-- cucumber -->
    </groups>
    <test name="Default test" duration-ms="63679" started-at="2019-08-30T09:09:29Z" finished-at="2019-08-30T09:10:32Z">
      <class name="runners.TestRunner">
        <test-method status="PASS" signature="setUpClass()[pri:0, instance:runners.TestRunner@29ca901e]" name="setUpClass" is-config="true" duration-ms="165" started-at="2019-08-30T09:09:29Z" finished-at="2019-08-30T09:09:29Z">
          <reporter-output>
          </reporter-output>
        </test-method> <!-- setUpClass -->
        <test-method status="PASS" signature="runScenario(io.cucumber.testng.PickleEventWrapper, io.cucumber.testng.CucumberFeatureWrapper)[pri:0, instance:runners.TestRunner@29ca901e]" name="runScenario" duration-ms="13683" started-at="2019-08-30T09:09:29Z" description="Runs Cucumber Scenarios" data-provider="scenarios" finished-at="2019-08-30T09:09:43Z">
          <params>
            <param index="0">
              <value>
                <![CDATA["Create new customer registration"]]>
              </value>
            </param>
            <param index="1">
              <value>
                <![CDATA["New Customer Registration"]]>
              </value>
            </param>
          </params>
          <reporter-output>
          </reporter-output>
        </test-method> <!-- runScenario -->
        <test-method status="PASS" signature="runScenario(io.cucumber.testng.PickleEventWrapper, io.cucumber.testng.CucumberFeatureWrapper)[pri:0, instance:runners.TestRunner@29ca901e]" name="runScenario" duration-ms="38627" started-at="2019-08-30T09:09:43Z" description="Runs Cucumber Scenarios" data-provider="scenarios" finished-at="2019-08-30T09:10:22Z">
          <params>
            <param index="0">
              <value>
                <![CDATA["Search hotel is successful as guest"]]>
              </value>
            </param>
            <param index="1">
              <value>
                <![CDATA["Search hotel as guest"]]>
              </value>
            </param>
          </params>
          <reporter-output>
          </reporter-output>
        </test-method> <!-- runScenario -->
        <test-method status="PASS" signature="runScenario(io.cucumber.testng.PickleEventWrapper, io.cucumber.testng.CucumberFeatureWrapper)[pri:0, instance:runners.TestRunner@29ca901e]" name="runScenario" duration-ms="10934" started-at="2019-08-30T09:10:22Z" description="Runs Cucumber Scenarios" data-provider="scenarios" finished-at="2019-08-30T09:10:32Z">
          <params>
            <param index="0">
              <value>
                <![CDATA["Existing user sucessful login"]]>
              </value>
            </param>
            <param index="1">
              <value>
                <![CDATA["Existing User Login"]]>
              </value>
            </param>
          </params>
          <reporter-output>
          </reporter-output>
        </test-method> <!-- runScenario -->
        <test-method status="PASS" signature="tearDownClass()[pri:0, instance:runners.TestRunner@29ca901e]" name="tearDownClass" is-config="true" duration-ms="2" started-at="2019-08-30T09:10:32Z" finished-at="2019-08-30T09:10:32Z">
          <reporter-output>
          </reporter-output>
        </test-method> <!-- tearDownClass -->
      </class> <!-- runners.TestRunner -->
    </test> <!-- Default test -->
  </suite> <!-- Default suite -->
</testng-results>
